Arguments: 
  C:\Program Files\nodejs\node.exe C:\Users\Mainza\AppData\Roaming\npm\node_modules\yarn\bin\yarn.js run dev

PATH: 
  C:\Program Files\PowerShell\7;C:\Program Files\nodejs\;D:\src\Android\SDK\platform-tools;D:\src\Android\SDK;C:\Users\Mainza\AppData\Local\Programs\Python\Python310;C:\Program Files\Java\jdk1.8.0_321\bin;C:\Program Files\Java\jdk1.8.0_321;C:\Program Files\Git\cmd;C:\Program Files\Git;C:\Program Files\Git;C:\Program Files\Git\bin;C:\Program Files\Git\cmd;C:\Users\Mainza\AppData\Local\Microsoft\WindowsApps;;C:\Users\Mainza\AppData\Local\Programs\Microsoft VS Code\bin;C:\Program Files\heroku\bin;C:\Users\Mainza\AppData\Roaming\npm

Yarn version: 
  1.22.17

Node version: 
  16.13.2

Platform: 
  win32 x64

Trace: 
  SyntaxError: D:\KMP\KMP\Server\KMP-REST-API\package.json: Unexpected number in JSON at position 396
      at JSON.parse (<anonymous>)
      at C:\Users\Mainza\AppData\Roaming\npm\node_modules\yarn\lib\cli.js:1625:59
      at Generator.next (<anonymous>)
      at step (C:\Users\Mainza\AppData\Roaming\npm\node_modules\yarn\lib\cli.js:310:30)
      at C:\Users\Mainza\AppData\Roaming\npm\node_modules\yarn\lib\cli.js:321:13

npm manifest: 
  {
    "name": "backend",
    "version": "1.0.0",
    "description": "",
    "main": "index.js",
    "scripts": {
      "start": "node app.js",
      "dev": "nodemon app.js",
      "test": "echo \"Error: no test specified\" && exit 1"
    },
    "keywords": [],
    "author": "",
    "license": "ISC",
    "dependencies": {
      "@hapi/joi": "^17.1.1",
      "bcryptjs": "^2.4.3",
      "cors": "^2.8.5",
      "dotenv": "^8.2.0",-++
      +
      "express": "^4.17.1",
      "express-jwt": "^6.0.0",
      "helmet": "^3.23.3",
      "jsonwebtoken": "^8.5.1",
      "moment": "^2.29.1",
      "mongoose": "^5.9.20"
    },
    "devDependencies": {
      "nodemon": "^2.0.4"
    }
  }

yarn manifest: 
  No manifest

Lockfile: 
  No lockfile
